<?xml version="1.0" encoding="UTF-8"?>
<!-- Generated by org.testng.reporters.JUnitReportReporter -->
<testsuite hostname="Sinagz" name="com.libraries.BaseClass" tests="1" failures="0" timestamp="30 Jan 2018 12:23:34 GMT" time="78.969" errors="0">
  <testcase name="setup" time="78.969" classname="com.libraries.BaseClass"/>
</testsuite> <!-- com.libraries.BaseClass -->
