<?xml version="1.0" encoding="UTF-8"?>
<!-- Generated by org.testng.reporters.JUnitReportReporter -->
<testsuite hostname="Sinagz" name="com.scripts.sample1" tests="1" failures="0" timestamp="31 Jan 2018 05:27:55 GMT" time="104.861" errors="0">
  <testcase name="verifysample" time="104.861" classname="com.scripts.sample1"/>
</testsuite> <!-- com.scripts.sample1 -->
